<?xml version="1.0" encoding="UTF-8"?>
<!-- Generated by org.testng.reporters.JUnitXMLReporter -->
<testsuite ignored="0" hostname="shrinivas" failures="0" tests="4" name="Default test" time="45.316" errors="0" timestamp="2025-02-16T17:36:54 IST">
  <testcase classname="testNGFrameworkPractice1.AllLoginTest" name="instaLoginTest" time="7.899"/>
  <testcase classname="testNGFrameworkPractice1.AllLoginTest" name="loginTest" time="11.693"/>
  <testcase classname="testNGFrameworkPractice1.AllLoginTest" name="cbloginTest" time="9.231"/>
  <testcase classname="testNGFrameworkPractice1.AllLoginTest" name="FBLoginTest" time="10.832"/>
</testsuite> <!-- Default test -->
