<?xml version="1.0" encoding="UTF-8"?>
<!-- Generated by org.testng.reporters.JUnitXMLReporter -->
<testsuite ignored="0" hostname="shrinivas" failures="0" tests="3" name="Default test" time="0.082" errors="0" timestamp="2024-12-05T06:12:34 IST">
  <testcase classname="TestNGByUdemey.LoginForLoans" name="LoginAPICarLoan" time="0.018"/>
  <testcase classname="TestNGByUdemey.LoginForLoans" name="MobileLoginCarLoan" time="0.001"/>
  <testcase classname="TestNGByUdemey.LoginForLoans" name="WebLoginCarLoan" time="0.002"/>
</testsuite> <!-- Default test -->
