<?xml version="1.0" encoding="UTF-8"?>
<!-- Generated by org.testng.reporters.JUnitXMLReporter -->
<testsuite ignored="0" hostname="shrinivas" failures="0" tests="3" name="Test" time="13.667" errors="0" timestamp="2024-09-14T15:24:04 IST">
  <testcase classname="TestNG_Framework.OrangeHRM_Test" name="openApplication" time="3.325"/>
  <testcase classname="TestNG_Framework.OrangeHRM_Test" name="testLogo" time="0.457"/>
  <testcase classname="TestNG_Framework.OrangeHRM_Test" name="testLogin" time="4.491"/>
</testsuite> <!-- Test -->
