<?xml version="1.0" encoding="UTF-8"?>
<!-- Generated by org.testng.reporters.JUnitXMLReporter -->
<testsuite ignored="3" hostname="shrinivas" failures="0" tests="2" name="Car Loan" time="0.012" errors="0" timestamp="2024-12-05T18:32:10 IST">
  <testcase classname="TestNGByUdemey.LoginForLoans" name="LoginAPICarLoan" time="0.003"/>
  <testcase classname="TestNGByUdemey.LoginForLoans" name="WebLoginCarLoan" time="0.002"/>
  <testcase classname="TestNGByUdemey.LoginForLoans" name="MobileLoginCarLoan" time="0.0">
    <ignored/>
  </testcase> <!-- MobileLoginCarLoan -->
  <testcase classname="TestNGByUdemey.LoginForLoans" name="MobileLoginCarLoan1" time="0.0">
    <ignored/>
  </testcase> <!-- MobileLoginCarLoan1 -->
  <testcase classname="TestNGByUdemey.LoginForLoans" name="MobileLoginCarLoan2" time="0.0">
    <ignored/>
  </testcase> <!-- MobileLoginCarLoan2 -->
</testsuite> <!-- Car Loan -->
