<?xml version="1.0" encoding="UTF-8"?>
<!-- Generated by org.testng.reporters.JUnitXMLReporter -->
<testsuite ignored="0" hostname="shrinivas" failures="0" tests="3" name="Edge Test" time="25.946" errors="0" timestamp="2025-02-17T16:50:43 IST">
  <testcase classname="parameterisationInTestNGPractice1.ByUsingXMLFile" name="testLogo" time="0.077"/>
  <testcase classname="parameterisationInTestNGPractice1.ByUsingXMLFile" name="testTitle" time="0.012"/>
  <testcase classname="parameterisationInTestNGPractice1.ByUsingXMLFile" name="testURL" time="0.024"/>
</testsuite> <!-- Edge Test -->
