<?xml version="1.0" encoding="UTF-8"?>
<!-- Generated by org.testng.reporters.JUnitXMLReporter -->
<testsuite ignored="6" hostname="shrinivas" failures="0" tests="5" name="Grouping" time="0.117" errors="0" timestamp="2024-12-06T03:36:24 IST">
  <testcase classname="TestNGByUdemey.LoginForLoans" name="MobileLoginCarLoan1" time="0.029"/>
  <testcase classname="TestNGByUdemey.NewTest" name="Demo" time="0.002"/>
  <testcase classname="TestNGByUdemey.HomeLoan" name="LoginAPIHomeLoan" time="0.002"/>
  <testcase classname="TestNGByUdemey.HomeLoan" name="WebLoginHomeLoan" time="0.003"/>
  <testcase classname="TestNGByUdemey.LoanDepartment" name="loan" time="0.002"/>
  <testcase classname="TestNGByUdemey.LoginForLoans" name="LoginAPICarLoan" time="0.0">
    <ignored/>
  </testcase> <!-- LoginAPICarLoan -->
  <testcase classname="TestNGByUdemey.LoginForLoans" name="MobileLoginCarLoan" time="0.0">
    <ignored/>
  </testcase> <!-- MobileLoginCarLoan -->
  <testcase classname="TestNGByUdemey.NewTest" name="secondTest" time="0.0">
    <ignored/>
  </testcase> <!-- secondTest -->
  <testcase classname="TestNGByUdemey.LoginForLoans" name="WebLoginCarLoan" time="0.0">
    <ignored/>
  </testcase> <!-- WebLoginCarLoan -->
  <testcase classname="TestNGByUdemey.LoginForLoans" name="MobileLoginCarLoan2" time="0.0">
    <ignored/>
  </testcase> <!-- MobileLoginCarLoan2 -->
  <testcase classname="TestNGByUdemey.HomeLoan" name="MobileLoginHomeLoan" time="0.0">
    <ignored/>
  </testcase> <!-- MobileLoginHomeLoan -->
</testsuite> <!-- Grouping -->
