<?xml version="1.0" encoding="UTF-8"?>
<!-- Generated by org.testng.reporters.JUnitXMLReporter -->
<testsuite ignored="0" hostname="shrinivas" failures="0" tests="3" name="loanTest" time="0.013" errors="0" timestamp="2024-12-06T06:28:58 IST">
  <testcase classname="TestNGByUdemey.NewTest" name="Demo" time="0.001"/>
  <testcase classname="TestNGByUdemey.NewTest" name="parameters" time="0.004"/>
  <testcase classname="TestNGByUdemey.NewTest" name="secondTest" time="0.002"/>
</testsuite> <!-- loanTest -->
