<?xml version="1.0" encoding="UTF-8"?>
<!-- Generated by org.testng.reporters.JUnitXMLReporter -->
<testsuite ignored="2" hostname="shrinivas" failures="2" tests="2" name="LoginTests" time="0.064" errors="0" timestamp="2025-02-16T16:01:35 IST">
  <testcase classname="testNGFrameworkPractice1.OrangeHRMLoginTest" name="loginTest" time="0.011">
    <failure type="java.lang.NullPointerException" message="Cannot invoke &amp;quot;org.openqa.selenium.WebDriver.get(String)&amp;quot; because &amp;quot;this.driver&amp;quot; is null">
      <![CDATA[java.lang.NullPointerException: Cannot invoke "org.openqa.selenium.WebDriver.get(String)" because "this.driver" is null
at testNGFrameworkPractice1.OrangeHRMLoginTest.loginTest(OrangeHRMLoginTest.java:15)
at java.base/java.util.ArrayList.forEach(ArrayList.java:1596)
... Removed 25 stack frames]]>
    </failure>
  </testcase> <!-- loginTest -->
  <testcase classname="testNGFrameworkPractice1.CricBuzzLoginTest" name="cbloginTest" time="0.001">
    <failure type="java.lang.NullPointerException" message="Cannot invoke &amp;quot;org.openqa.selenium.WebDriver.get(String)&amp;quot; because &amp;quot;this.driver&amp;quot; is null">
      <![CDATA[java.lang.NullPointerException: Cannot invoke "org.openqa.selenium.WebDriver.get(String)" because "this.driver" is null
at testNGFrameworkPractice1.CricBuzzLoginTest.cbloginTest(CricBuzzLoginTest.java:13)
at java.base/java.util.ArrayList.forEach(ArrayList.java:1596)
... Removed 25 stack frames]]>
    </failure>
  </testcase> <!-- cbloginTest -->
  <testcase classname="testNGFrameworkPractice1.FaceBookLoginTest" name="FBLoginTest" time="0.0">
    <ignored/>
  </testcase> <!-- FBLoginTest -->
  <testcase classname="testNGFrameworkPractice1.InstagramLoginTest" name="instaLoginTest" time="0.0">
    <ignored/>
  </testcase> <!-- instaLoginTest -->
</testsuite> <!-- LoginTests -->
