<?xml version="1.0" encoding="UTF-8"?>
<!-- Generated by org.testng.reporters.JUnitXMLReporter -->
<testsuite ignored="4" hostname="shrinivas" failures="0" tests="0" time="0.011" errors="0" timestamp="2025-02-21T17:12:50 IST">
  <testcase classname="testNGFrameworkPractice1.FaceBookLoginTest" name="FBLoginTest" time="0.0">
    <ignored/>
  </testcase> <!-- FBLoginTest -->
  <testcase classname="testNGFrameworkPractice1.CricBuzzLoginTest" name="cbloginTest" time="0.0">
    <ignored/>
  </testcase> <!-- cbloginTest -->
  <testcase classname="testNGFrameworkPractice1.InstagramLoginTest" name="instaLoginTest" time="0.0">
    <ignored/>
  </testcase> <!-- instaLoginTest -->
  <testcase classname="testNGFrameworkPractice1.OrangeHRMLoginTest" name="loginTest" time="0.0">
    <ignored/>
  </testcase> <!-- loginTest -->
</testsuite>
