<?xml version="1.0" encoding="UTF-8"?>
<!-- Generated by org.testng.reporters.JUnitXMLReporter -->
<testsuite ignored="0" hostname="shrinivas" failures="0" tests="3" name="NewTest" time="0.009" errors="0" timestamp="2024-12-06T06:29:36 IST">
  <testcase classname="TestNGByUdemey.NewTest" name="Demo" time="0.001"/>
  <testcase classname="TestNGByUdemey.NewTest" name="parameters" time="0.002"/>
  <testcase classname="TestNGByUdemey.NewTest" name="secondTest" time="0.001"/>
</testsuite> <!-- NewTest -->
