<?xml version="1.0" encoding="UTF-8"?>
<!-- Generated by org.testng.reporters.JUnitXMLReporter -->
<testsuite ignored="0" hostname="shrinivas" failures="1" tests="3" name="OrangeHRM Test" time="11.064" errors="0" timestamp="2025-02-17T17:23:13 IST">
  <testcase classname="testNGListeners.usingtestNGListenersInXMLFile" name="testLogo" time="0.071"/>
  <testcase classname="testNGListeners.usingtestNGListenersInXMLFile" name="testURL" time="0.022">
    <failure type="java.lang.AssertionError" message="expected [https://opensource-demo] but found [https://opensource-demo.orangehrmlive.com/web/index.php/auth/login]">
      <![CDATA[java.lang.AssertionError: expected [https://opensource-demo] but found [https://opensource-demo.orangehrmlive.com/web/index.php/auth/login]
at testNGListeners.usingtestNGListenersInXMLFile.testURL(usingtestNGListenersInXMLFile.java:38)
at java.base/java.util.ArrayList.forEach(ArrayList.java:1596)
... Removed 31 stack frames]]>
    </failure>
  </testcase> <!-- testURL -->
  <testcase classname="testNGListeners.usingtestNGListenersInXMLFile" name="testTitle" time="0.0">
    <skipped/>
  </testcase> <!-- testTitle -->
</testsuite> <!-- OrangeHRM Test -->
