<?xml version="1.0" encoding="UTF-8"?>
<!-- Generated by org.testng.reporters.JUnitXMLReporter -->
<testsuite ignored="0" hostname="shrinivas" failures="0" tests="3" name="Test2" time="0.015" errors="0" timestamp="2024-09-14T19:49:10 IST">
  <testcase classname="testNG_Framework_For_BeforeSuite_and_AfterSuite_Annotations.Class_1" name="ABC" time="0.002"/>
  <testcase classname="testNG_Framework_For_BeforeSuite_and_AfterSuite_Annotations.Class_2" name="xyz" time="0.001"/>
  <testcase classname="testNG_Framework_For_BeforeSuite_and_AfterSuite_Annotations.Class_3" name="PQR" time="0.002"/>
</testsuite> <!-- Test2 -->
