<?xml version="1.0" encoding="UTF-8"?>
<!-- Generated by org.testng.reporters.JUnitXMLReporter -->
<testsuite ignored="1" hostname="shrinivas" failures="0" tests="9" name="Test" time="0.112" errors="0" timestamp="2024-12-06T18:35:33 IST">
  <testcase classname="TestNGByUdemey.LoginForLoans" name="MobileLoginCarLoan" time="0.015"/>
  <testcase classname="TestNGByUdemey.LoginForLoans" name="MobileLoginCarLoan1" time="0.001"/>
  <testcase classname="TestNGByUdemey.LoginForLoans" name="WebLoginCarLoan" time="0.001"/>
  <testcase classname="TestNGByUdemey.LoginForLoans" name="MobileLoginCarLoan2" time="0.003"/>
  <testcase classname="TestNGByUdemey.LoginForLoans" name="LoginAPICarLoan" time="0.001"/>
  <testcase classname="TestNGByUdemey.HomeLoan" name="LoginAPIHomeLoan" time="0.001"/>
  <testcase classname="TestNGByUdemey.HomeLoan" name="Parameterisation" time="0.003"/>
  <testcase classname="TestNGByUdemey.HomeLoan" name="WebLoginHomeLoan" time="0.001"/>
  <testcase classname="TestNGByUdemey.LoanDepartment" name="loan" time="0.002"/>
  <testcase classname="TestNGByUdemey.HomeLoan" name="MobileLoginHomeLoan" time="0.0">
    <ignored/>
  </testcase> <!-- MobileLoginHomeLoan -->
</testsuite> <!-- Test -->
