<?xml version="1.0" encoding="UTF-8"?>
<!-- Generated by org.testng.reporters.JUnitXMLReporter -->
<testsuite ignored="0" hostname="shrinivas" failures="1" tests="6" name="testing" time="0.035" errors="0" timestamp="2024-12-06T18:35:33 IST">
  <testcase classname="TestNGByUdemey.NewTest" name="Demo" time="0.002"/>
  <testcase classname="TestNGByUdemey.NewTest" name="listners" time="0.008">
    <failure type="java.lang.AssertionError" message="expected [true] but found [false]">
      <![CDATA[java.lang.AssertionError: expected [true] but found [false]
at TestNGByUdemey.NewTest.listners(NewTest.java:14)
at java.base/java.util.ArrayList.forEach(ArrayList.java:1597)
... Removed 29 stack frames]]>
    </failure>
  </testcase> <!-- listners -->
  <testcase classname="TestNGByUdemey.NewTest" name="parameters" time="0.005"/>
  <testcase classname="TestNGByUdemey.NewTest" name="secondTest" time="0.001"/>
  <testcase classname="TestNGByUdemey.NewTest" name="secondTest" time="0.001"/>
  <testcase classname="TestNGByUdemey.NewTest" name="secondTest" time="0.001"/>
</testsuite> <!-- testing -->
