<?xml version="1.0" encoding="UTF-8"?>
<!-- Generated by org.testng.reporters.JUnitXMLReporter -->
<testsuite ignored="2" hostname="shrinivas" failures="0" tests="1" name="Run Regression Admin Tests" time="0.006" errors="0" timestamp="2025-02-16T16:31:07 IST">
  <testcase classname="GroupingInTestNG.GroupedTests" name="adminDashboardTest" time="0.002"/>
  <testcase classname="GroupingInTestNG.GroupedTests" name="loginTest" time="0.0">
    <ignored/>
  </testcase> <!-- loginTest -->
  <testcase classname="GroupingInTestNG.GroupedTests" name="userProfileTest" time="0.0">
    <ignored/>
  </testcase> <!-- userProfileTest -->
</testsuite> <!-- Run Regression Admin Tests -->
