<?xml version="1.0" encoding="UTF-8"?>
<!-- Generated by org.testng.reporters.JUnitXMLReporter -->
<testsuite ignored="0" hostname="shrinivas" failures="0" tests="3" name="Test" time="11.48" errors="0" timestamp="2024-09-16T06:42:06 IST">
  <testcase classname="TestNG_Framework_DataProvider_And_ParallelTesting.Parallel_Testing" name="testLogo" time="0.069"/>
  <testcase classname="TestNG_Framework_DataProvider_And_ParallelTesting.Parallel_Testing" name="testTitle" time="0.014"/>
  <testcase classname="TestNG_Framework_DataProvider_And_ParallelTesting.Parallel_Testing" name="testURL" time="0.014"/>
</testsuite> <!-- Test -->
