<?xml version="1.0" encoding="UTF-8"?>
<!-- Generated by org.testng.reporters.JUnitXMLReporter -->
<testsuite ignored="0" hostname="shrinivas" failures="1" tests="6" name="testing" time="0.132" errors="0" timestamp="2024-12-06T18:41:25 IST">
  <testcase classname="TestNGByUdemey.NewTest" name="Demo" time="0.017"/>
  <testcase classname="TestNGByUdemey.NewTest" name="listeners" time="0.012">
    <failure type="java.lang.AssertionError" message="expected [true] but found [false]">
      <![CDATA[java.lang.AssertionError: expected [true] but found [false]
at TestNGByUdemey.NewTest.listeners(NewTest.java:14)
at java.base/java.util.ArrayList.forEach(ArrayList.java:1597)
at java.base/java.util.concurrent.FutureTask.run(FutureTask.java:317)
at java.base/java.util.concurrent.ThreadPoolExecutor.runWorker(ThreadPoolExecutor.java:1144)
at java.base/java.util.concurrent.ThreadPoolExecutor$Worker.run(ThreadPoolExecutor.java:642)
at java.base/java.lang.Thread.run(Thread.java:1570)
... Removed 20 stack frames]]>
    </failure>
  </testcase> <!-- listeners -->
  <testcase classname="TestNGByUdemey.NewTest" name="parameters" time="0.009"/>
  <testcase classname="TestNGByUdemey.NewTest" name="secondTest" time="0.002"/>
  <testcase classname="TestNGByUdemey.NewTest" name="secondTest" time="0.003"/>
  <testcase classname="TestNGByUdemey.NewTest" name="secondTest" time="0.001"/>
</testsuite> <!-- testing -->
