<?xml version="1.0" encoding="UTF-8"?>
<!-- Generated by org.testng.reporters.JUnitXMLReporter -->
<testsuite ignored="3" hostname="shrinivas" failures="1" tests="1" name="Regression Tests" time="0.005" errors="0" timestamp="2025-02-16T17:14:05 IST">
  <testcase classname="testNGFrameworkPractice1.GroupingOfTests" name="instaLoginTest" time="0.002">
    <failure type="java.lang.NullPointerException" message="Cannot invoke &amp;quot;org.openqa.selenium.WebDriver.get(String)&amp;quot; because &amp;quot;this.driver&amp;quot; is null">
      <![CDATA[java.lang.NullPointerException: Cannot invoke "org.openqa.selenium.WebDriver.get(String)" because "this.driver" is null
at testNGFrameworkPractice1.GroupingOfTests.instaLoginTest(GroupingOfTests.java:63)
at java.base/java.util.ArrayList.forEach(ArrayList.java:1596)
... Removed 25 stack frames]]>
    </failure>
  </testcase> <!-- instaLoginTest -->
  <testcase classname="testNGFrameworkPractice1.GroupingOfTests" name="loginTest" time="0.0">
    <ignored/>
  </testcase> <!-- loginTest -->
  <testcase classname="testNGFrameworkPractice1.GroupingOfTests" name="FBLoginTest" time="0.0">
    <ignored/>
  </testcase> <!-- FBLoginTest -->
  <testcase classname="testNGFrameworkPractice1.GroupingOfTests" name="cbloginTest" time="0.0">
    <ignored/>
  </testcase> <!-- cbloginTest -->
</testsuite> <!-- Regression Tests -->
