<?xml version="1.0" encoding="UTF-8"?>
<testng-results ignored="1" total="16" passed="14" failed="1" skipped="0">
  <reporter-output>
  </reporter-output>
  <suite started-at="2024-12-06T18:41:24 IST" name="Loan Department" finished-at="2024-12-06T18:41:24 IST" duration-ms="132">
    <groups>
      <group name="smoke">
        <method signature="HomeLoan.LoginAPIHomeLoan()[pri:0, instance:TestNGByUdemey.HomeLoan@55b699ef]" name="LoginAPIHomeLoan" class="TestNGByUdemey.HomeLoan"/>
        <method signature="HomeLoan.WebLoginHomeLoan()[pri:0, instance:TestNGByUdemey.HomeLoan@55b699ef]" name="WebLoginHomeLoan" class="TestNGByUdemey.HomeLoan"/>
        <method signature="LoanDepartment.loan()[pri:0, instance:TestNGByUdemey.LoanDepartment@35d019a3]" name="loan" class="TestNGByUdemey.LoanDepartment"/>
        <method signature="LoginForLoans.MobileLoginCarLoan1()[pri:0, instance:TestNGByUdemey.LoginForLoans@6aeb35e6]" name="MobileLoginCarLoan1" class="TestNGByUdemey.LoginForLoans"/>
        <method signature="NewTest.Demo()[pri:0, instance:TestNGByUdemey.NewTest@206a70ef]" name="Demo" class="TestNGByUdemey.NewTest"/>
      </group> <!-- smoke -->
    </groups>
    <test started-at="2024-12-06T18:41:24 IST" name="Test" finished-at="2024-12-06T18:41:24 IST" duration-ms="131">
      <class name="TestNGByUdemey.LoginForLoans">
        <test-method is-config="true" signature="beforetest()[pri:0, instance:TestNGByUdemey.LoginForLoans@6aeb35e6]" started-at="2024-12-06T18:41:24 IST" name="beforetest" finished-at="2024-12-06T18:41:24 IST" duration-ms="1" status="PASS">
          <reporter-output>
          </reporter-output>
        </test-method> <!-- beforetest -->
        <test-method is-config="true" signature="BeforeClass()[pri:0, instance:TestNGByUdemey.LoginForLoans@6aeb35e6]" started-at="2024-12-06T18:41:24 IST" name="BeforeClass" finished-at="2024-12-06T18:41:24 IST" duration-ms="2" status="PASS">
          <reporter-output>
          </reporter-output>
        </test-method> <!-- BeforeClass -->
        <test-method is-config="true" signature="AfterMethod()[pri:0, instance:TestNGByUdemey.LoginForLoans@6aeb35e6]" started-at="2024-12-06T18:41:24 IST" name="AfterMethod" finished-at="2024-12-06T18:41:24 IST" duration-ms="1" status="PASS">
          <reporter-output>
          </reporter-output>
        </test-method> <!-- AfterMethod -->
        <test-method is-config="true" signature="BeforeMethod()[pri:0, instance:TestNGByUdemey.LoginForLoans@6aeb35e6]" started-at="2024-12-06T18:41:24 IST" name="BeforeMethod" finished-at="2024-12-06T18:41:24 IST" duration-ms="1" status="PASS">
          <reporter-output>
          </reporter-output>
        </test-method> <!-- BeforeMethod -->
        <test-method signature="MobileLoginCarLoan()[pri:0, instance:TestNGByUdemey.LoginForLoans@6aeb35e6]" started-at="2024-12-06T18:41:24 IST" name="MobileLoginCarLoan" finished-at="2024-12-06T18:41:24 IST" duration-ms="29" status="PASS">
          <reporter-output>
          </reporter-output>
        </test-method> <!-- MobileLoginCarLoan -->
        <test-method is-config="true" signature="AfterMethod()[pri:0, instance:TestNGByUdemey.LoginForLoans@6aeb35e6]" started-at="2024-12-06T18:41:24 IST" name="AfterMethod" finished-at="2024-12-06T18:41:24 IST" duration-ms="1" status="PASS">
          <reporter-output>
          </reporter-output>
        </test-method> <!-- AfterMethod -->
        <test-method is-config="true" signature="BeforeMethod()[pri:0, instance:TestNGByUdemey.LoginForLoans@6aeb35e6]" started-at="2024-12-06T18:41:24 IST" name="BeforeMethod" finished-at="2024-12-06T18:41:24 IST" duration-ms="1" status="PASS">
          <reporter-output>
          </reporter-output>
        </test-method> <!-- BeforeMethod -->
        <test-method signature="MobileLoginCarLoan1()[pri:0, instance:TestNGByUdemey.LoginForLoans@6aeb35e6]" started-at="2024-12-06T18:41:24 IST" name="MobileLoginCarLoan1" finished-at="2024-12-06T18:41:24 IST" duration-ms="7" status="PASS">
          <reporter-output>
          </reporter-output>
        </test-method> <!-- MobileLoginCarLoan1 -->
        <test-method is-config="true" signature="BeforeMethod()[pri:0, instance:TestNGByUdemey.LoginForLoans@6aeb35e6]" started-at="2024-12-06T18:41:24 IST" name="BeforeMethod" finished-at="2024-12-06T18:41:24 IST" duration-ms="0" status="PASS">
          <reporter-output>
          </reporter-output>
        </test-method> <!-- BeforeMethod -->
        <test-method signature="WebLoginCarLoan()[pri:0, instance:TestNGByUdemey.LoginForLoans@6aeb35e6]" started-at="2024-12-06T18:41:24 IST" name="WebLoginCarLoan" finished-at="2024-12-06T18:41:24 IST" duration-ms="3" status="PASS">
          <reporter-output>
          </reporter-output>
        </test-method> <!-- WebLoginCarLoan -->
        <test-method is-config="true" signature="AfterMethod()[pri:0, instance:TestNGByUdemey.LoginForLoans@6aeb35e6]" started-at="2024-12-06T18:41:24 IST" name="AfterMethod" finished-at="2024-12-06T18:41:24 IST" duration-ms="0" status="PASS">
          <reporter-output>
          </reporter-output>
        </test-method> <!-- AfterMethod -->
        <test-method is-config="true" signature="AfterMethod()[pri:0, instance:TestNGByUdemey.LoginForLoans@6aeb35e6]" started-at="2024-12-06T18:41:24 IST" name="AfterMethod" finished-at="2024-12-06T18:41:24 IST" duration-ms="1" status="PASS">
          <reporter-output>
          </reporter-output>
        </test-method> <!-- AfterMethod -->
        <test-method is-config="true" signature="BeforeMethod()[pri:0, instance:TestNGByUdemey.LoginForLoans@6aeb35e6]" started-at="2024-12-06T18:41:24 IST" name="BeforeMethod" finished-at="2024-12-06T18:41:24 IST" duration-ms="0" status="PASS">
          <reporter-output>
          </reporter-output>
        </test-method> <!-- BeforeMethod -->
        <test-method signature="MobileLoginCarLoan2()[pri:0, instance:TestNGByUdemey.LoginForLoans@6aeb35e6]" started-at="2024-12-06T18:41:24 IST" name="MobileLoginCarLoan2" finished-at="2024-12-06T18:41:24 IST" depends-on-methods="TestNGByUdemey.LoginForLoans.MobileLoginCarLoan" duration-ms="3" status="PASS">
          <reporter-output>
          </reporter-output>
        </test-method> <!-- MobileLoginCarLoan2 -->
        <test-method is-config="true" signature="BeforeMethod()[pri:0, instance:TestNGByUdemey.LoginForLoans@6aeb35e6]" started-at="2024-12-06T18:41:24 IST" name="BeforeMethod" finished-at="2024-12-06T18:41:24 IST" duration-ms="1" status="PASS">
          <reporter-output>
          </reporter-output>
        </test-method> <!-- BeforeMethod -->
        <test-method is-config="true" signature="AfterMethod()[pri:0, instance:TestNGByUdemey.LoginForLoans@6aeb35e6]" started-at="2024-12-06T18:41:24 IST" name="AfterMethod" finished-at="2024-12-06T18:41:24 IST" duration-ms="0" status="PASS">
          <reporter-output>
          </reporter-output>
        </test-method> <!-- AfterMethod -->
        <test-method signature="LoginAPICarLoan()[pri:0, instance:TestNGByUdemey.LoginForLoans@6aeb35e6]" started-at="2024-12-06T18:41:24 IST" name="LoginAPICarLoan" finished-at="2024-12-06T18:41:24 IST" depends-on-methods="TestNGByUdemey.LoginForLoans.MobileLoginCarLoan, TestNGByUdemey.LoginForLoans.MobileLoginCarLoan2" duration-ms="3" status="PASS">
          <reporter-output>
          </reporter-output>
        </test-method> <!-- LoginAPICarLoan -->
        <test-method is-config="true" signature="AfterClass()[pri:0, instance:TestNGByUdemey.LoginForLoans@6aeb35e6]" started-at="2024-12-06T18:41:24 IST" name="AfterClass" finished-at="2024-12-06T18:41:24 IST" duration-ms="0" status="PASS">
          <reporter-output>
          </reporter-output>
        </test-method> <!-- AfterClass -->
        <test-method is-config="true" signature="AfterTest()[pri:0, instance:TestNGByUdemey.LoginForLoans@6aeb35e6]" started-at="2024-12-06T18:41:24 IST" name="AfterTest" finished-at="2024-12-06T18:41:24 IST" duration-ms="0" status="PASS">
          <reporter-output>
          </reporter-output>
        </test-method> <!-- AfterTest -->
      </class> <!-- TestNGByUdemey.LoginForLoans -->
      <class name="TestNGByUdemey.HomeLoan">
        <test-method signature="LoginAPIHomeLoan()[pri:0, instance:TestNGByUdemey.HomeLoan@55b699ef]" started-at="2024-12-06T18:41:24 IST" name="LoginAPIHomeLoan" finished-at="2024-12-06T18:41:24 IST" duration-ms="21" status="PASS">
          <reporter-output>
          </reporter-output>
        </test-method> <!-- LoginAPIHomeLoan -->
        <test-method signature="Parameterisation(java.lang.String)[pri:0, instance:TestNGByUdemey.HomeLoan@55b699ef]" started-at="2024-12-06T18:41:24 IST" name="Parameterisation" finished-at="2024-12-06T18:41:24 IST" duration-ms="14" status="PASS">
          <params>
            <param index="0">
              <value>
                <![CDATA[qaacademy.com]]>
              </value>
            </param>
          </params>
          <reporter-output>
          </reporter-output>
        </test-method> <!-- Parameterisation -->
        <test-method signature="WebLoginHomeLoan()[pri:0, instance:TestNGByUdemey.HomeLoan@55b699ef]" started-at="2024-12-06T18:41:24 IST" name="WebLoginHomeLoan" finished-at="2024-12-06T18:41:24 IST" duration-ms="3" status="PASS">
          <reporter-output>
          </reporter-output>
        </test-method> <!-- WebLoginHomeLoan -->
      </class> <!-- TestNGByUdemey.HomeLoan -->
      <class name="TestNGByUdemey.LoanDepartment">
        <test-method signature="loan()[pri:0, instance:TestNGByUdemey.LoanDepartment@35d019a3]" started-at="2024-12-06T18:41:24 IST" name="loan" finished-at="2024-12-06T18:41:24 IST" duration-ms="15" status="PASS">
          <reporter-output>
          </reporter-output>
        </test-method> <!-- loan -->
      </class> <!-- TestNGByUdemey.LoanDepartment -->
    </test> <!-- Test -->
    <test started-at="2024-12-06T18:41:24 IST" name="testing" finished-at="2024-12-06T18:41:24 IST" duration-ms="132">
      <class name="TestNGByUdemey.LoginForLoans">
        <test-method is-config="true" signature="beforeSuite()[pri:0, instance:TestNGByUdemey.LoginForLoans@6aeb35e6]" started-at="2024-12-06T18:41:24 IST" name="beforeSuite" finished-at="2024-12-06T18:41:24 IST" duration-ms="14" status="PASS">
          <reporter-output>
          </reporter-output>
        </test-method> <!-- beforeSuite -->
      </class> <!-- TestNGByUdemey.LoginForLoans -->
      <class name="TestNGByUdemey.NewTest">
        <test-method signature="Demo()[pri:0, instance:TestNGByUdemey.NewTest@206a70ef]" started-at="2024-12-06T18:41:24 IST" name="Demo" finished-at="2024-12-06T18:41:24 IST" duration-ms="17" status="PASS">
          <reporter-output>
          </reporter-output>
        </test-method> <!-- Demo -->
        <test-method signature="listeners()[pri:0, instance:TestNGByUdemey.NewTest@206a70ef]" started-at="2024-12-06T18:41:24 IST" name="listeners" finished-at="2024-12-06T18:41:24 IST" duration-ms="12" status="FAIL">
          <exception class="java.lang.AssertionError">
            <message>
              <![CDATA[expected [true] but found [false]]]>
            </message>
            <full-stacktrace>
              <![CDATA[java.lang.AssertionError: expected [true] but found [false]
at org.testng.Assert.fail(Assert.java:99)
at org.testng.Assert.failNotEquals(Assert.java:1037)
at org.testng.Assert.assertTrue(Assert.java:45)
at org.testng.Assert.assertTrue(Assert.java:55)
at TestNGByUdemey.NewTest.listeners(NewTest.java:14)
at java.base/jdk.internal.reflect.DirectMethodHandleAccessor.invoke(DirectMethodHandleAccessor.java:103)
at java.base/java.lang.reflect.Method.invoke(Method.java:580)
at org.testng.internal.MethodInvocationHelper.invokeMethod(MethodInvocationHelper.java:133)
at org.testng.internal.TestInvoker.invokeMethod(TestInvoker.java:598)
at org.testng.internal.TestInvoker.invokeTestMethod(TestInvoker.java:173)
at org.testng.internal.MethodRunner.runInSequence(MethodRunner.java:46)
at org.testng.internal.TestInvoker$MethodInvocationAgent.invoke(TestInvoker.java:824)
at org.testng.internal.TestInvoker.invokeTestMethods(TestInvoker.java:146)
at org.testng.internal.TestMethodWorker.invokeTestMethods(TestMethodWorker.java:146)
at org.testng.internal.TestMethodWorker.run(TestMethodWorker.java:128)
at java.base/java.util.ArrayList.forEach(ArrayList.java:1597)
at org.testng.TestRunner.privateRun(TestRunner.java:794)
at org.testng.TestRunner.run(TestRunner.java:596)
at org.testng.SuiteRunner.runTest(SuiteRunner.java:377)
at org.testng.SuiteRunner.access$000(SuiteRunner.java:28)
at org.testng.SuiteRunner$SuiteWorker.run(SuiteRunner.java:418)
at org.testng.internal.thread.ThreadUtil.lambda$execute$0(ThreadUtil.java:64)
at java.base/java.util.concurrent.FutureTask.run(FutureTask.java:317)
at java.base/java.util.concurrent.ThreadPoolExecutor.runWorker(ThreadPoolExecutor.java:1144)
at java.base/java.util.concurrent.ThreadPoolExecutor$Worker.run(ThreadPoolExecutor.java:642)
at java.base/java.lang.Thread.run(Thread.java:1570)
]]>
            </full-stacktrace>
          </exception> <!-- java.lang.AssertionError -->
          <reporter-output>
          </reporter-output>
        </test-method> <!-- listeners -->
        <test-method signature="parameters(java.lang.String,java.lang.String)[pri:0, instance:TestNGByUdemey.NewTest@206a70ef]" started-at="2024-12-06T18:41:24 IST" name="parameters" finished-at="2024-12-06T18:41:24 IST" duration-ms="9" status="PASS">
          <params>
            <param index="0">
              <value>
                <![CDATA[cricbuzz.com]]>
              </value>
            </param>
            <param index="1">
              <value>
                <![CDATA[1234562qwe]]>
              </value>
            </param>
          </params>
          <reporter-output>
          </reporter-output>
        </test-method> <!-- parameters -->
        <test-method signature="secondTest(java.lang.String,java.lang.String)[pri:0, instance:TestNGByUdemey.NewTest@206a70ef]" started-at="2024-12-06T18:41:24 IST" name="secondTest" data-provider="gerData" finished-at="2024-12-06T18:41:24 IST" duration-ms="2" status="PASS">
          <params>
            <param index="0">
              <value>
                <![CDATA[FirstUsername]]>
              </value>
            </param>
            <param index="1">
              <value>
                <![CDATA[FirstPassword]]>
              </value>
            </param>
          </params>
          <reporter-output>
          </reporter-output>
        </test-method> <!-- secondTest -->
        <test-method signature="secondTest(java.lang.String,java.lang.String)[pri:0, instance:TestNGByUdemey.NewTest@206a70ef]" started-at="2024-12-06T18:41:24 IST" name="secondTest" data-provider="gerData" finished-at="2024-12-06T18:41:24 IST" duration-ms="3" status="PASS">
          <params>
            <param index="0">
              <value>
                <![CDATA[SecondUsername]]>
              </value>
            </param>
            <param index="1">
              <value>
                <![CDATA[SecondPassword]]>
              </value>
            </param>
          </params>
          <reporter-output>
          </reporter-output>
        </test-method> <!-- secondTest -->
        <test-method signature="secondTest(java.lang.String,java.lang.String)[pri:0, instance:TestNGByUdemey.NewTest@206a70ef]" started-at="2024-12-06T18:41:24 IST" name="secondTest" data-provider="gerData" finished-at="2024-12-06T18:41:24 IST" duration-ms="1" status="PASS">
          <params>
            <param index="0">
              <value>
                <![CDATA[ThirdUsername]]>
              </value>
            </param>
            <param index="1">
              <value>
                <![CDATA[ThirdPassword]]>
              </value>
            </param>
          </params>
          <reporter-output>
          </reporter-output>
        </test-method> <!-- secondTest -->
      </class> <!-- TestNGByUdemey.NewTest -->
    </test> <!-- testing -->
  </suite> <!-- Loan Department -->
</testng-results>
