<?xml version="1.0" encoding="UTF-8"?>
<testng-results ignored="0" total="2" passed="2" failed="0" skipped="0">
  <reporter-output>
  </reporter-output>
  <suite started-at="2025-02-16T17:52:20 IST" name="Suite" finished-at="2025-02-16T17:52:34 IST" duration-ms="13605">
    <groups>
    </groups>
    <test started-at="2025-02-16T17:52:20 IST" name="Test" finished-at="2025-02-16T17:52:34 IST" duration-ms="13605">
      <class name="testNGParallelExecution1.FaceBookLoginTest">
        <test-method signature="FBLoginTest()[pri:0, instance:testNGParallelExecution1.FaceBookLoginTest@6e171cd7]" started-at="2025-02-16T17:52:21 IST" name="FBLoginTest" finished-at="2025-02-16T17:52:34 IST" duration-ms="13544" status="PASS">
          <reporter-output>
          </reporter-output>
        </test-method> <!-- FBLoginTest -->
      </class> <!-- testNGParallelExecution1.FaceBookLoginTest -->
      <class name="testNGParallelExecution1.CricBuzzLoginTest">
        <test-method signature="cbloginTest()[pri:0, instance:testNGParallelExecution1.CricBuzzLoginTest@5f058f00]" started-at="2025-02-16T17:52:21 IST" name="cbloginTest" finished-at="2025-02-16T17:52:32 IST" duration-ms="11436" status="PASS">
          <reporter-output>
          </reporter-output>
        </test-method> <!-- cbloginTest -->
      </class> <!-- testNGParallelExecution1.CricBuzzLoginTest -->
    </test> <!-- Test -->
  </suite> <!-- Suite -->
</testng-results>
