<?xml version="1.0" encoding="UTF-8"?>
<!-- Generated by org.testng.reporters.JUnitXMLReporter -->
<testsuite ignored="2" hostname="shrinivas" failures="2" tests="2" name="Sanity and Smoke Tests" time="0.089" errors="0" timestamp="2025-02-16T17:29:31 IST">
  <testcase classname="testNGFrameworkPractice1.GroupingTests" name="testCricbuzzLogin" time="0.027">
    <failure type="java.lang.NullPointerException" message="Cannot invoke &amp;quot;org.openqa.selenium.WebDriver.get(String)&amp;quot; because &amp;quot;this.driver&amp;quot; is null">
      <![CDATA[java.lang.NullPointerException: Cannot invoke "org.openqa.selenium.WebDriver.get(String)" because "this.driver" is null
at testNGFrameworkPractice1.GroupingTests.testCricbuzzLogin(GroupingTests.java:47)
at java.base/java.util.ArrayList.forEach(ArrayList.java:1596)
... Removed 25 stack frames]]>
    </failure>
  </testcase> <!-- testCricbuzzLogin -->
  <testcase classname="testNGFrameworkPractice1.GroupingTests" name="testFacebookLogin" time="0.002">
    <failure type="java.lang.NullPointerException" message="Cannot invoke &amp;quot;org.openqa.selenium.WebDriver.get(String)&amp;quot; because &amp;quot;this.driver&amp;quot; is null">
      <![CDATA[java.lang.NullPointerException: Cannot invoke "org.openqa.selenium.WebDriver.get(String)" because "this.driver" is null
at testNGFrameworkPractice1.GroupingTests.testFacebookLogin(GroupingTests.java:55)
at java.base/java.util.ArrayList.forEach(ArrayList.java:1596)
... Removed 25 stack frames]]>
    </failure>
  </testcase> <!-- testFacebookLogin -->
  <testcase classname="testNGFrameworkPractice1.GroupingTests" name="testOrangeHRMLogin" time="0.0">
    <ignored/>
  </testcase> <!-- testOrangeHRMLogin -->
  <testcase classname="testNGFrameworkPractice1.GroupingTests" name="testInstagramLogin" time="0.0">
    <ignored/>
  </testcase> <!-- testInstagramLogin -->
</testsuite> <!-- Sanity and Smoke Tests -->
